Log file "C:\Program Files (x86)\Software Crack Guru\Octopus Suite Crack\LOG\03-05-2020_00-11-31.log" created.
5/3/2020 12:11:39 AM > Welcome to Octoplus Suite version 1.5.8
5/3/2020 12:15:10 AM > --------------------------------------------------------------------------------------------------
5/3/2020 12:15:10 AM > Initializing Android Debug Bridge...5/3/2020 12:15:10 AM > OK
5/3/2020 12:15:10 AM > Searching for a phone. Please wait...
5/3/2020 12:15:12 AM > Please, press "OK" button on the phone to allow USB debugging.
5/3/2020 12:15:16 AM > Selected model: 5/3/2020 12:15:16 AM > SM-J810G
5/3/2020 12:15:16 AM > Detected phone model: 5/3/2020 12:15:16 AM > LS-5020
5/3/2020 12:15:16 AM > Firmware compiled date: 5/3/2020 12:15:16 AM > Sun Aug 28 05:46:12 CST 2016
5/3/2020 12:15:16 AM > PDA Version: 5/3/2020 12:15:16 AM > unknown
5/3/2020 12:15:16 AM > CSC Version: 5/3/2020 12:15:16 AM > unknown
5/3/2020 12:15:16 AM > SW Version: 5/3/2020 12:15:16 AM > unknown
5/3/2020 12:15:16 AM > Android version: 5/3/2020 12:15:16 AM > 5.1 (LMY47D)
5/3/2020 12:15:16 AM > Sales code: 5/3/2020 12:15:16 AM > unknown
5/3/2020 12:15:16 AM > Country: 5/3/2020 12:15:16 AM > unknown
5/3/2020 12:15:16 AM > Phone platform: 5/3/2020 12:15:16 AM > mt6753
5/3/2020 12:15:16 AM > Chip name: 5/3/2020 12:15:16 AM > unknown
5/3/2020 12:15:16 AM > Modem chip: 5/3/2020 12:15:16 AM > unknown
5/3/2020 12:15:16 AM > Security patch level: 5/3/2020 12:15:16 AM > 2016-07-05
5/3/2020 12:15:16 AM > SIM 1: 5/3/2020 12:15:16 AM > ready
5/3/2020 12:15:16 AM > SIM 2: 5/3/2020 12:15:16 AM > absent
5/3/2020 12:15:16 AM > Codename: 5/3/2020 12:15:16 AM > LS-5020
5/3/2020 12:15:38 AM > --------------------------------------------------------------------------------------------------
5/3/2020 12:15:38 AM > Initializing Android Debug Bridge...5/3/2020 12:15:38 AM > OK
5/3/2020 12:15:38 AM > Searching for a phone. Please wait...
5/3/2020 12:15:39 AM > Selected model: 5/3/2020 12:15:39 AM > SM-J810G
5/3/2020 12:15:39 AM > Detected phone model: 5/3/2020 12:15:39 AM > LS-5020
5/3/2020 12:15:40 AM > Firmware compiled date: 5/3/2020 12:15:40 AM > Sun Aug 28 05:46:12 CST 2016
5/3/2020 12:15:40 AM > PDA Version: 5/3/2020 12:15:40 AM > unknown
5/3/2020 12:15:40 AM > CSC Version: 5/3/2020 12:15:40 AM > unknown
5/3/2020 12:15:40 AM > SW Version: 5/3/2020 12:15:40 AM > unknown
5/3/2020 12:15:40 AM > Android version: 5/3/2020 12:15:40 AM > 5.1 (LMY47D)
5/3/2020 12:15:40 AM > Sales code: 5/3/2020 12:15:40 AM > unknown
5/3/2020 12:15:40 AM > Country: 5/3/2020 12:15:40 AM > unknown
5/3/2020 12:15:40 AM > Phone platform: 5/3/2020 12:15:40 AM > mt6753
5/3/2020 12:15:40 AM > Chip name: 5/3/2020 12:15:40 AM > unknown
5/3/2020 12:15:40 AM > Modem chip: 5/3/2020 12:15:40 AM > unknown
5/3/2020 12:15:40 AM > Security patch level: 5/3/2020 12:15:40 AM > 2016-07-05
5/3/2020 12:15:40 AM > SIM 1: 5/3/2020 12:15:40 AM > ready
5/3/2020 12:15:40 AM > SIM 2: 5/3/2020 12:15:40 AM > absent
5/3/2020 12:15:40 AM > Codename: 5/3/2020 12:15:40 AM > LS-5020
5/3/2020 12:15:45 AM > --------------------------------------------------------------------------------------------------
5/3/2020 12:15:45 AM > Searching for USB diagnostic port...
5/3/2020 12:15:53 AM > --------------------------------------------------------------------------------------------------
5/3/2020 12:15:53 AM > Searching for USB diagnostic port...
5/3/2020 12:16:04 AM > --------------------------------------------------------------------------------------------------
5/3/2020 12:16:04 AM > Platform: Huawei Qualcomm
5/3/2020 12:16:04 AM > Selected model: E372
5/3/2020 12:16:04 AM > Selected diagnostic port: 
5/3/2020 12:16:04 AM > Selected modem port: 
5/3/2020 12:16:04 AM > Warning! Modem port search failed!
5/3/2020 12:16:04 AM > Warning! Diagnostic port search failed!
5/3/2020 12:16:04 AM > Failed!
5/3/2020 12:16:04 AM > Modem's port not found!